g:\cheat\gunfire\injectorwithlua\cpython-3.6.12\dx11-base-gm\x64\release\vc143.pdb
g:\cheat\gunfire\injectorwithlua\cpython-3.6.12\dx11-base-gm\x64\release\hookmain.obj
g:\cheat\gunfire\injectorwithlua\cpython-3.6.12\dx11-base-gm\x64\release\imgui_widgets.obj
g:\cheat\gunfire\injectorwithlua\cpython-3.6.12\dx11-base-gm\x64\release\imgui_tables.obj
g:\cheat\gunfire\injectorwithlua\cpython-3.6.12\dx11-base-gm\x64\release\imgui_impl_win32.obj
g:\cheat\gunfire\injectorwithlua\cpython-3.6.12\dx11-base-gm\x64\release\imgui_impl_dx11.obj
g:\cheat\gunfire\injectorwithlua\cpython-3.6.12\dx11-base-gm\x64\release\imgui_draw.obj
g:\cheat\gunfire\injectorwithlua\cpython-3.6.12\dx11-base-gm\x64\release\imgui_demo.obj
g:\cheat\gunfire\injectorwithlua\cpython-3.6.12\dx11-base-gm\x64\release\imgui.obj
g:\cheat\gunfire\injectorwithlua\cpython-3.6.12\dx11-base-gm\x64\release\trampoline.obj
g:\cheat\gunfire\injectorwithlua\cpython-3.6.12\dx11-base-gm\x64\release\hook.obj
g:\cheat\gunfire\injectorwithlua\cpython-3.6.12\dx11-base-gm\x64\release\hde64.obj
g:\cheat\gunfire\injectorwithlua\cpython-3.6.12\dx11-base-gm\x64\release\hde32.obj
g:\cheat\gunfire\injectorwithlua\cpython-3.6.12\dx11-base-gm\x64\release\buffer.obj
g:\cheat\gunfire\injectorwithlua\cpython-3.6.12\dx11-base-gm\x64\release\luajit.obj
g:\cheat\gunfire\injectorwithlua\cpython-3.6.12\dx11-base-gm\x64\release\dx11-base-gm.pch
g:\cheat\gunfire\injectorwithlua\cpython-3.6.12\dx11-base-gm\x64\release\pch.obj
g:\cheat\gunfire\injectorwithlua\cpython-3.6.12\dx11-base-gm\x64\release\dllmain.obj
g:\cheat\gunfire\injectorwithlua\cpython-3.6.12\dx11-base-gm\bin\x64\release\dx11-base-gm.dll
g:\cheat\gunfire\injectorwithlua\cpython-3.6.12\dx11-base-gm\bin\x64\release\dx11-base-gm.pdb
g:\cheat\gunfire\injectorwithlua\cpython-3.6.12\dx11-base-gm\x64\release\dx11-base-gm.ipdb
g:\cheat\gunfire\injectorwithlua\cpython-3.6.12\dx11-base-gm\x64\release\dx11-base-gm.iobj
g:\cheat\gunfire\injectorwithlua\cpython-3.6.12\dx11-base-gm\x64\release\bridge.obj
g:\cheat\gunfire\injectorwithlua\cpython-3.6.12\dx11-base-gm\x64\release\engine.obj
g:\cheat\gunfire\injectorwithlua\cpython-3.6.12\dx11-base-gm\x64\release\luavm.obj
g:\cheat\gunfire\injectorwithlua\cpython-3.6.12\dx11-base-gm\x64\release\menu.obj
g:\cheat\gunfire\injectorwithlua\cpython-3.6.12\dx11-base-gm\x64\release\source.obj
g:\cheat\gunfire\injectorwithlua\cpython-3.6.12\dx11-base-gm\x64\release\dx11-base-gm.tlog\cl.command.1.tlog
g:\cheat\gunfire\injectorwithlua\cpython-3.6.12\dx11-base-gm\x64\release\dx11-base-gm.tlog\cl.items.tlog
g:\cheat\gunfire\injectorwithlua\cpython-3.6.12\dx11-base-gm\x64\release\dx11-base-gm.tlog\cl.read.1.tlog
g:\cheat\gunfire\injectorwithlua\cpython-3.6.12\dx11-base-gm\x64\release\dx11-base-gm.tlog\cl.write.1.tlog
g:\cheat\gunfire\injectorwithlua\cpython-3.6.12\dx11-base-gm\x64\release\dx11-base-gm.tlog\link.command.1.tlog
g:\cheat\gunfire\injectorwithlua\cpython-3.6.12\dx11-base-gm\x64\release\dx11-base-gm.tlog\link.read.1.tlog
g:\cheat\gunfire\injectorwithlua\cpython-3.6.12\dx11-base-gm\x64\release\dx11-base-gm.tlog\link.secondary.1.tlog
g:\cheat\gunfire\injectorwithlua\cpython-3.6.12\dx11-base-gm\x64\release\dx11-base-gm.tlog\link.write.1.tlog
