  pch.cpp
  dllmain.cpp
  Source.cpp
G:\Cheat\Gunfire\InjectorWithLua\cpython-3.6.12\DX11-Base-GM\Source.cpp(49,38): warning C4244: “=”: 从“ULONGLONG”转换到“int”，可能丢失数据
  (编译源文件“/Source.cpp”)
  
  Bridge.cpp
G:\Cheat\Gunfire\InjectorWithLua\cpython-3.6.12\DX11-Base-GM\src\pch.h(1,1): warning C4819: 该文件包含不能在当前代码页(936)中表示的字符。请将该文件保存为 Unicode 格式以防止数据丢失
  (编译源文件“/src/Bridge.cpp”)
  
G:\Cheat\Gunfire\InjectorWithLua\cpython-3.6.12\DX11-Base-GM\include\LuaVM.h(1,1): warning C4819: 该文件包含不能在当前代码页(936)中表示的字符。请将该文件保存为 Unicode 格式以防止数据丢失
  (编译源文件“/src/Bridge.cpp”)
  
G:\Cheat\Gunfire\InjectorWithLua\cpython-3.6.12\DX11-Base-GM\src\pch.h(1,1): warning C4819: 该文件包含不能在当前代码页(936)中表示的字符。请将该文件保存为 Unicode 格式以防止数据丢失
  (编译源文件“/src/Bridge.cpp”)
  
G:\Cheat\Gunfire\InjectorWithLua\cpython-3.6.12\DX11-Base-GM\src\Bridge.cpp(837,24): warning C4267: “参数”: 从“size_t”转换到“int”，可能丢失数据
  (编译源文件“/src/Bridge.cpp”)
  
  Engine.cpp
G:\Cheat\Gunfire\InjectorWithLua\cpython-3.6.12\DX11-Base-GM\src\pch.h(1,1): warning C4819: 该文件包含不能在当前代码页(936)中表示的字符。请将该文件保存为 Unicode 格式以防止数据丢失
  (编译源文件“/src/Engine.cpp”)
  
G:\Cheat\Gunfire\InjectorWithLua\cpython-3.6.12\DX11-Base-GM\include\LuaVM.h(1,1): warning C4819: 该文件包含不能在当前代码页(936)中表示的字符。请将该文件保存为 Unicode 格式以防止数据丢失
  (编译源文件“/src/Engine.cpp”)
  
G:\Cheat\Gunfire\InjectorWithLua\cpython-3.6.12\DX11-Base-GM\src\Engine.cpp(87,29): warning C4244: “=”: 从“ULONGLONG”转换到“int”，可能丢失数据
  (编译源文件“/src/Engine.cpp”)
  
  LuaVM.cpp
G:\Cheat\Gunfire\InjectorWithLua\cpython-3.6.12\DX11-Base-GM\src\LuaVM.cpp(1,1): warning C4819: 该文件包含不能在当前代码页(936)中表示的字符。请将该文件保存为 Unicode 格式以防止数据丢失
G:\Cheat\Gunfire\InjectorWithLua\cpython-3.6.12\DX11-Base-GM\include\LuaVM.h(1,1): warning C4819: 该文件包含不能在当前代码页(936)中表示的字符。请将该文件保存为 Unicode 格式以防止数据丢失
  (编译源文件“/src/LuaVM.cpp”)
  
G:\Cheat\Gunfire\InjectorWithLua\cpython-3.6.12\DX11-Base-GM\src\pch.h(1,1): warning C4819: 该文件包含不能在当前代码页(936)中表示的字符。请将该文件保存为 Unicode 格式以防止数据丢失
  (编译源文件“/src/LuaVM.cpp”)
  
  Menu.cpp
G:\Cheat\Gunfire\InjectorWithLua\cpython-3.6.12\DX11-Base-GM\src\pch.h(1,1): warning C4819: 该文件包含不能在当前代码页(936)中表示的字符。请将该文件保存为 Unicode 格式以防止数据丢失
  (编译源文件“/src/Menu.cpp”)
  
G:\Cheat\Gunfire\InjectorWithLua\cpython-3.6.12\DX11-Base-GM\include\luaVM.h(1,1): warning C4819: 该文件包含不能在当前代码页(936)中表示的字符。请将该文件保存为 Unicode 格式以防止数据丢失
  (编译源文件“/src/Menu.cpp”)
  
G:\Cheat\Gunfire\InjectorWithLua\cpython-3.6.12\DX11-Base-GM\src\Menu.cpp(336,25): warning C4267: “=”: 从“size_t”转换到“int”，可能丢失数据
  (编译源文件“/src/Menu.cpp”)
  
  imgui.cpp
  imgui_demo.cpp
  imgui_draw.cpp
  imgui_impl_dx11.cpp
  imgui_impl_win32.cpp
  imgui_tables.cpp
  imgui_widgets.cpp
  hookmain.cpp
  luajit.c
  buffer.c
  hde32.c
  hde64.c
  hook.c
  trampoline.c
LINK : warning LNK4098: 默认库“LIBCMT”与其他库的使用冲突；请使用 /NODEFAULTLIB:library
  正在生成代码
  Previous IPDB not found, fall back to full compilation.
  All 10672 functions were compiled because no usable IPDB/IOBJ from previous compilation was found.
  已完成代码的生成
  DX11-Base-GM.vcxproj -> G:\Cheat\Gunfire\InjectorWithLua\cpython-3.6.12\DX11-Base-GM\bin\x64\Release\DX11-Base-GM.dll
